<?xml version="1.0" encoding="UTF-8"?>
<!-- Generated by org.testng.reporters.JUnitReportReporter -->
<testsuite hostname="Shubhams-MacBook-Air.local" failures="0" tests="2" name="org.practise.DynamicJson" time="3.298" errors="0" timestamp="2022-09-07T12:11:45 IST" skipped="0">
  <testcase classname="org.practise.DynamicJson" name="addBook" time="0.222"/>
  <system-out/>
  <testcase classname="org.practise.DynamicJson" name="addBook" time="3.076"/>
  <system-out/>
</testsuite> <!-- org.practise.DynamicJson -->
